2024-07-03 13:21:05,879 DEBUG    root            Loaded Command Group: ['gcloud', 'components']
2024-07-03 13:21:05,881 DEBUG    root            Loaded Command Group: ['gcloud', 'components', 'update']
2024-07-03 13:21:05,884 DEBUG    root            Running [gcloud.components.update] with arguments: [--quiet: "True", COMPONENT-IDS:8: "['gcloud', 'core', 'bq', 'gsutil', 'compute', 'preview', 'alpha', 'beta']"]
2024-07-03 13:21:05,885 INFO     ___FILE_ONLY___ Beginning update. This process may take several minutes.

2024-07-03 13:21:05,894 DEBUG    urllib3.connectionpool Starting new HTTPS connection (1): dl.google.com:443
2024-07-03 13:21:05,968 DEBUG    urllib3.connectionpool https://dl.google.com:443 "GET /dl/cloudsdk/channels/rapid/components-2.json HTTP/1.1" 200 222658
2024-07-03 13:21:05,990 WARNING  root            Component [preview] no longer exists.
2024-07-03 13:21:05,991 WARNING  root            Component [compute] no longer exists.
2024-07-03 13:21:05,992 INFO     ___FILE_ONLY___ 

2024-07-03 13:21:05,992 INFO     ___FILE_ONLY___ 
Your current Google Cloud CLI version is: 483.0.0

2024-07-03 13:21:05,992 INFO     ___FILE_ONLY___ Installing components from version: 483.0.0

2024-07-03 13:21:05,992 INFO     ___FILE_ONLY___ 

2024-07-03 13:21:05,992 DEBUG    root            Chosen display Format:table[box,title="These components will be removed."](details.display_name:label=Name:align=left,version.version_string:label=Version:align=right,data.size.size(zero="",min=1048576):label=Size:align=right)
2024-07-03 13:21:05,993 DEBUG    root            Chosen display Format:table[box,title="These components will be updated."](details.display_name:label=Name:align=left,version.version_string:label=Version:align=right,data.size.size(zero="",min=1048576):label=Size:align=right)
2024-07-03 13:21:05,994 DEBUG    root            Chosen display Format:table[box,title="These components will be installed."](details.display_name:label=Name:align=left,version.version_string:label=Version:align=right,data.size.size(zero="",min=1048576):label=Size:align=right)
2024-07-03 13:21:06,031 INFO     ___FILE_ONLY___ ┌──────────────────────────────────────────────┐
2024-07-03 13:21:06,031 INFO     ___FILE_ONLY___ 

2024-07-03 13:21:06,031 INFO     ___FILE_ONLY___ │     These components will be installed.      │
2024-07-03 13:21:06,031 INFO     ___FILE_ONLY___ 

2024-07-03 13:21:06,031 INFO     ___FILE_ONLY___ ├───────────────────────┬────────────┬─────────┤
2024-07-03 13:21:06,031 INFO     ___FILE_ONLY___ 

2024-07-03 13:21:06,031 INFO     ___FILE_ONLY___ │          Name         │  Version   │   Size  │
2024-07-03 13:21:06,031 INFO     ___FILE_ONLY___ 

2024-07-03 13:21:06,031 INFO     ___FILE_ONLY___ ├───────────────────────┼────────────┼─────────┤
2024-07-03 13:21:06,031 INFO     ___FILE_ONLY___ 

2024-07-03 13:21:06,031 INFO     ___FILE_ONLY___ │ 
2024-07-03 13:21:06,031 INFO     ___FILE_ONLY___ gcloud Alpha Commands
2024-07-03 13:21:06,032 INFO     ___FILE_ONLY___  
2024-07-03 13:21:06,032 INFO     ___FILE_ONLY___ │ 
2024-07-03 13:21:06,032 INFO     ___FILE_ONLY___ 2024.06.28
2024-07-03 13:21:06,032 INFO     ___FILE_ONLY___  
2024-07-03 13:21:06,032 INFO     ___FILE_ONLY___ │ 
2024-07-03 13:21:06,032 INFO     ___FILE_ONLY___ < 1 MiB
2024-07-03 13:21:06,032 INFO     ___FILE_ONLY___  
2024-07-03 13:21:06,032 INFO     ___FILE_ONLY___ │
2024-07-03 13:21:06,032 INFO     ___FILE_ONLY___ 

2024-07-03 13:21:06,032 INFO     ___FILE_ONLY___ │ 
2024-07-03 13:21:06,032 INFO     ___FILE_ONLY___ gcloud Beta Commands 
2024-07-03 13:21:06,032 INFO     ___FILE_ONLY___  
2024-07-03 13:21:06,032 INFO     ___FILE_ONLY___ │ 
2024-07-03 13:21:06,032 INFO     ___FILE_ONLY___ 2024.06.28
2024-07-03 13:21:06,032 INFO     ___FILE_ONLY___  
2024-07-03 13:21:06,032 INFO     ___FILE_ONLY___ │ 
2024-07-03 13:21:06,033 INFO     ___FILE_ONLY___ < 1 MiB
2024-07-03 13:21:06,033 INFO     ___FILE_ONLY___  
2024-07-03 13:21:06,033 INFO     ___FILE_ONLY___ │
2024-07-03 13:21:06,033 INFO     ___FILE_ONLY___ 

2024-07-03 13:21:06,033 INFO     ___FILE_ONLY___ └───────────────────────┴────────────┴─────────┘
2024-07-03 13:21:06,033 INFO     ___FILE_ONLY___ 

2024-07-03 13:21:06,033 INFO     ___FILE_ONLY___ 

2024-07-03 13:21:06,037 DEBUG    urllib3.connectionpool Starting new HTTPS connection (1): dl.google.com:443
2024-07-03 13:21:06,171 DEBUG    urllib3.connectionpool https://dl.google.com:443 "GET /dl/cloudsdk/channels/rapid/RELEASE_NOTES HTTP/1.1" 200 1238234
2024-07-03 13:21:06,206 INFO     ___FILE_ONLY___ For the latest full release notes, please visit:
  https://cloud.google.com/sdk/release_notes


2024-07-03 13:21:06,206 INFO     ___FILE_ONLY___ Performing in place update...


2024-07-03 13:21:06,221 INFO     ___FILE_ONLY___ ╔════════════════════════════════════════════════════════════╗

2024-07-03 13:21:06,221 INFO     ___FILE_ONLY___ ╠═ Downloading: gcloud Alpha Commands                       ═╣

2024-07-03 13:21:06,221 INFO     ___FILE_ONLY___ ╚
2024-07-03 13:21:06,225 DEBUG    urllib3.connectionpool Starting new HTTPS connection (1): dl.google.com:443
2024-07-03 13:21:06,328 DEBUG    urllib3.connectionpool https://dl.google.com:443 "GET /dl/cloudsdk/channels/rapid/components/google-cloud-sdk-alpha-20240628141907.tar.gz HTTP/1.1" 200 800
2024-07-03 13:21:06,329 INFO     ___FILE_ONLY___ ════════════════════════════════════════════════════════════
2024-07-03 13:21:06,329 INFO     ___FILE_ONLY___ ╝

2024-07-03 13:21:06,331 INFO     ___FILE_ONLY___ ╔════════════════════════════════════════════════════════════╗

2024-07-03 13:21:06,331 INFO     ___FILE_ONLY___ ╠═ Downloading: gcloud Beta Commands                        ═╣

2024-07-03 13:21:06,331 INFO     ___FILE_ONLY___ ╚
2024-07-03 13:21:06,338 DEBUG    urllib3.connectionpool Starting new HTTPS connection (1): dl.google.com:443
2024-07-03 13:21:06,476 DEBUG    urllib3.connectionpool https://dl.google.com:443 "GET /dl/cloudsdk/channels/rapid/components/google-cloud-sdk-beta-20240628141907.tar.gz HTTP/1.1" 200 797
2024-07-03 13:21:06,476 INFO     ___FILE_ONLY___ ════════════════════════════════════════════════════════════
2024-07-03 13:21:06,477 INFO     ___FILE_ONLY___ ╝

2024-07-03 13:21:06,479 INFO     ___FILE_ONLY___ ╔════════════════════════════════════════════════════════════╗

2024-07-03 13:21:06,479 INFO     ___FILE_ONLY___ ╠═ Installing: gcloud Alpha Commands                        ═╣

2024-07-03 13:21:06,479 INFO     ___FILE_ONLY___ ╚
2024-07-03 13:21:06,480 INFO     ___FILE_ONLY___ ════════════════════════════════════════════════════════════
2024-07-03 13:21:06,481 INFO     ___FILE_ONLY___ ╝

2024-07-03 13:21:06,487 INFO     ___FILE_ONLY___ ╔════════════════════════════════════════════════════════════╗

2024-07-03 13:21:06,506 INFO     ___FILE_ONLY___ ╠═ Installing: gcloud Beta Commands                         ═╣

2024-07-03 13:21:06,506 INFO     ___FILE_ONLY___ ╚
2024-07-03 13:21:06,507 INFO     ___FILE_ONLY___ ════════════════════════════════════════════════════════════
2024-07-03 13:21:06,507 INFO     ___FILE_ONLY___ ╝

2024-07-03 13:21:06,533 DEBUG    root            Updating notification cache...
2024-07-03 13:21:06,533 INFO     ___FILE_ONLY___ 

2024-07-03 13:21:06,535 INFO     ___FILE_ONLY___ Performing post processing steps...
2024-07-03 13:21:06,536 DEBUG    root            Executing command: ['/tools/google-cloud-sdk/bin/gcloud', 'components', 'post-process']
2024-07-03 13:21:16,131 DEBUG    ___FILE_ONLY___ 
2024-07-03 13:21:16,131 DEBUG    ___FILE_ONLY___ 
2024-07-03 13:21:16,299 INFO     ___FILE_ONLY___ 
Update done!


2024-07-03 13:21:16,302 DEBUG    root            Chosen display Format:none
2024-07-03 13:21:16,303 INFO     root            Display format: "none"
